{"/Users/admin_bah34/Documents/newcodeprojects/quicklog-easy/quickLog.js":{"path":"/Users/admin_bah34/Documents/newcodeprojects/quicklog-easy/quickLog.js","s":{"1":1,"2":1,"3":1,"4":1,"5":1,"6":1,"7":1,"8":1,"9":1},"b":{},"f":{"1":1,"2":1},"fnMap":{"1":{"name":"quickLog","line":4,"loc":{"start":{"line":4,"column":0},"end":{"line":4,"column":29}}},"2":{"name":"quickLog","line":6,"loc":{"start":{"line":6,"column":12},"end":{"line":6,"column":40}}}},"statementMap":{"1":{"start":{"line":2,"column":0},"end":{"line":2,"column":23}},"2":{"start":{"line":4,"column":0},"end":{"line":15,"column":1}},"3":{"start":{"line":6,"column":12},"end":{"line":13,"column":13}},"4":{"start":{"line":7,"column":16},"end":{"line":7,"column":35}},"5":{"start":{"line":8,"column":16},"end":{"line":8,"column":44}},"6":{"start":{"line":9,"column":16},"end":{"line":9,"column":41}},"7":{"start":{"line":11,"column":16},"end":{"line":11,"column":67}},"8":{"start":{"line":14,"column":12},"end":{"line":14,"column":37}},"9":{"start":{"line":18,"column":0},"end":{"line":18,"column":26}}},"branchMap":{}}}